{
  "stats": {
    "suites": 1,
    "tests": 23,
    "passes": 17,
    "pending": 0,
    "failures": 6,
    "start": "2023-08-12T21:02:02.688Z",
    "end": "2023-08-12T21:03:47.067Z",
    "duration": 104379,
    "testsRegistered": 23,
    "passPercent": 73.91304347826086,
    "pendingPercent": 0,
    "other": 0,
    "hasOther": false,
    "skipped": 0,
    "hasSkipped": false
  },
  "results": [
    {
      "uuid": "38308e0f-fb27-496e-978d-b5af68dd6dc3",
      "title": "",
      "fullFile": "cypress/e2e/accessibility/axe_eng.cy.js",
      "file": "cypress/e2e/accessibility/axe_eng.cy.js",
      "beforeHooks": [],
      "afterHooks": [],
      "tests": [],
      "suites": [
        {
          "uuid": "e44d86ff-9ce4-40ae-bc38-842b1bd3152f",
          "title": "Validate 508 accessibility compliance on English site",
          "fullFile": "",
          "file": "",
          "beforeHooks": [],
          "afterHooks": [],
          "tests": [
            {
              "title": "Run axe core http://localhost/",
              "fullTitle": "Validate 508 accessibility compliance on English site Run axe core http://localhost/",
              "timedOut": null,
              "duration": 3731,
              "state": "failed",
              "speed": null,
              "pass": false,
              "fail": true,
              "pending": false,
              "context": "[\n  {\n    \"title\": \"cypress-mochawesome-reporter-videos-failed\",\n    \"value\": \"cypress/e2e/accessibility/axe_eng.cy.js\"\n  },\n  {\n    \"title\": \"cypress-mochawesome-reporter-screenshots\",\n    \"value\": [\n      [\n        \"/accessibility/axe_eng.cy.js/Validate 508 accessibility compliance on English site -- Run axe core httplocalhost (failed).png\"\n      ],\n      [\n        \"/accessibility/axe_eng.cy.js/Validate 508 accessibility compliance on English site -- Run axe core httplocalhost (failed) (attempt 2).png\"\n      ],\n      [\n        \"/accessibility/axe_eng.cy.js/Validate 508 accessibility compliance on English site -- Run axe core httplocalhost (failed) (attempt 3).png\"\n      ]\n    ]\n  }\n]",
              "code": "cy.visit(`http://localhost/${subpath}`, {\n  failOnStatusCode: false\n});\ncy.injectAxe();\n// Expand sitewide banner accordion\ncy.get('[class=\"usa-banner__button-text\"]').click();\ncy.configureAxe({\n  runOnly: {\n    values: ['wcag2aa']\n  }\n});\ncy.task('log', `Run axe core http://localhost/${subpath}`);\ncy.checkA11y(null, null, _log_func.default);",
              "err": {
                "message": "AssertionError: 1 accessibility violation was detected: expected 1 to equal 0",
                "estack": "AssertionError: 1 accessibility violation was detected: expected 1 to equal 0\n    at Context.eval (webpack:///./node_modules/cypress-axe/dist/index.js:100:0)",
                "diff": null
              },
              "uuid": "4c71e0c7-4336-4dba-897a-46177000311d",
              "parentUUID": "e44d86ff-9ce4-40ae-bc38-842b1bd3152f",
              "isHook": false,
              "skipped": false
            },
            {
              "title": "Run axe core http://localhost/disability-services",
              "fullTitle": "Validate 508 accessibility compliance on English site Run axe core http://localhost/disability-services",
              "timedOut": null,
              "duration": 2632,
              "state": "passed",
              "speed": "fast",
              "pass": true,
              "fail": false,
              "pending": false,
              "context": "{\n  \"title\": \"cypress-mochawesome-reporter-videos-passed\",\n  \"value\": \"cypress/e2e/accessibility/axe_eng.cy.js\"\n}",
              "code": "cy.visit(`http://localhost/${subpath}`, {\n  failOnStatusCode: false\n});\ncy.injectAxe();\n// Expand sitewide banner accordion\ncy.get('[class=\"usa-banner__button-text\"]').click();\ncy.configureAxe({\n  runOnly: {\n    values: ['wcag2aa']\n  }\n});\ncy.task('log', `Run axe core http://localhost/${subpath}`);\ncy.checkA11y(null, null, _log_func.default);",
              "err": {},
              "uuid": "58bd826e-b80c-46b8-a7c0-84489b651e85",
              "parentUUID": "e44d86ff-9ce4-40ae-bc38-842b1bd3152f",
              "isHook": false,
              "skipped": false
            },
            {
              "title": "Run axe core http://localhost/disaster-financial-help",
              "fullTitle": "Validate 508 accessibility compliance on English site Run axe core http://localhost/disaster-financial-help",
              "timedOut": null,
              "duration": 2475,
              "state": "passed",
              "speed": "fast",
              "pass": true,
              "fail": false,
              "pending": false,
              "context": "{\n  \"title\": \"cypress-mochawesome-reporter-videos-passed\",\n  \"value\": \"cypress/e2e/accessibility/axe_eng.cy.js\"\n}",
              "code": "cy.visit(`http://localhost/${subpath}`, {\n  failOnStatusCode: false\n});\ncy.injectAxe();\n// Expand sitewide banner accordion\ncy.get('[class=\"usa-banner__button-text\"]').click();\ncy.configureAxe({\n  runOnly: {\n    values: ['wcag2aa']\n  }\n});\ncy.task('log', `Run axe core http://localhost/${subpath}`);\ncy.checkA11y(null, null, _log_func.default);",
              "err": {},
              "uuid": "b7896dc8-c666-4b1e-9209-6b1b4df6ec04",
              "parentUUID": "e44d86ff-9ce4-40ae-bc38-842b1bd3152f",
              "isHook": false,
              "skipped": false
            },
            {
              "title": "Run axe core http://localhost/visit-united-states",
              "fullTitle": "Validate 508 accessibility compliance on English site Run axe core http://localhost/visit-united-states",
              "timedOut": null,
              "duration": 2321,
              "state": "passed",
              "speed": "fast",
              "pass": true,
              "fail": false,
              "pending": false,
              "context": "{\n  \"title\": \"cypress-mochawesome-reporter-videos-passed\",\n  \"value\": \"cypress/e2e/accessibility/axe_eng.cy.js\"\n}",
              "code": "cy.visit(`http://localhost/${subpath}`, {\n  failOnStatusCode: false\n});\ncy.injectAxe();\n// Expand sitewide banner accordion\ncy.get('[class=\"usa-banner__button-text\"]').click();\ncy.configureAxe({\n  runOnly: {\n    values: ['wcag2aa']\n  }\n});\ncy.task('log', `Run axe core http://localhost/${subpath}`);\ncy.checkA11y(null, null, _log_func.default);",
              "err": {},
              "uuid": "666d2d8e-e917-4af1-8a3e-e571f126519e",
              "parentUUID": "e44d86ff-9ce4-40ae-bc38-842b1bd3152f",
              "isHook": false,
              "skipped": false
            },
            {
              "title": "Run axe core http://localhost/disaster-assistance",
              "fullTitle": "Validate 508 accessibility compliance on English site Run axe core http://localhost/disaster-assistance",
              "timedOut": null,
              "duration": 2480,
              "state": "passed",
              "speed": "fast",
              "pass": true,
              "fail": false,
              "pending": false,
              "context": "{\n  \"title\": \"cypress-mochawesome-reporter-videos-passed\",\n  \"value\": \"cypress/e2e/accessibility/axe_eng.cy.js\"\n}",
              "code": "cy.visit(`http://localhost/${subpath}`, {\n  failOnStatusCode: false\n});\ncy.injectAxe();\n// Expand sitewide banner accordion\ncy.get('[class=\"usa-banner__button-text\"]').click();\ncy.configureAxe({\n  runOnly: {\n    values: ['wcag2aa']\n  }\n});\ncy.task('log', `Run axe core http://localhost/${subpath}`);\ncy.checkA11y(null, null, _log_func.default);",
              "err": {},
              "uuid": "eaca62c8-9539-40c3-81c7-358baf0bbdc9",
              "parentUUID": "e44d86ff-9ce4-40ae-bc38-842b1bd3152f",
              "isHook": false,
              "skipped": false
            },
            {
              "title": "Run axe core http://localhost/branches-of-government",
              "fullTitle": "Validate 508 accessibility compliance on English site Run axe core http://localhost/branches-of-government",
              "timedOut": null,
              "duration": 2777,
              "state": "passed",
              "speed": "fast",
              "pass": true,
              "fail": false,
              "pending": false,
              "context": "{\n  \"title\": \"cypress-mochawesome-reporter-videos-passed\",\n  \"value\": \"cypress/e2e/accessibility/axe_eng.cy.js\"\n}",
              "code": "cy.visit(`http://localhost/${subpath}`, {\n  failOnStatusCode: false\n});\ncy.injectAxe();\n// Expand sitewide banner accordion\ncy.get('[class=\"usa-banner__button-text\"]').click();\ncy.configureAxe({\n  runOnly: {\n    values: ['wcag2aa']\n  }\n});\ncy.task('log', `Run axe core http://localhost/${subpath}`);\ncy.checkA11y(null, null, _log_func.default);",
              "err": {},
              "uuid": "3b197fc3-a7ad-45f5-b516-e21605d02077",
              "parentUUID": "e44d86ff-9ce4-40ae-bc38-842b1bd3152f",
              "isHook": false,
              "skipped": false
            },
            {
              "title": "Run axe core http://localhost/social-security-card",
              "fullTitle": "Validate 508 accessibility compliance on English site Run axe core http://localhost/social-security-card",
              "timedOut": null,
              "duration": 2950,
              "state": "passed",
              "speed": "fast",
              "pass": true,
              "fail": false,
              "pending": false,
              "context": "{\n  \"title\": \"cypress-mochawesome-reporter-videos-passed\",\n  \"value\": \"cypress/e2e/accessibility/axe_eng.cy.js\"\n}",
              "code": "cy.visit(`http://localhost/${subpath}`, {\n  failOnStatusCode: false\n});\ncy.injectAxe();\n// Expand sitewide banner accordion\ncy.get('[class=\"usa-banner__button-text\"]').click();\ncy.configureAxe({\n  runOnly: {\n    values: ['wcag2aa']\n  }\n});\ncy.task('log', `Run axe core http://localhost/${subpath}`);\ncy.checkA11y(null, null, _log_func.default);",
              "err": {},
              "uuid": "6363df44-edf7-4054-938a-f1a20f50fbcf",
              "parentUUID": "e44d86ff-9ce4-40ae-bc38-842b1bd3152f",
              "isHook": false,
              "skipped": false
            },
            {
              "title": "Run axe core http://localhost/apply-adult-passport",
              "fullTitle": "Validate 508 accessibility compliance on English site Run axe core http://localhost/apply-adult-passport",
              "timedOut": null,
              "duration": 2300,
              "state": "passed",
              "speed": "fast",
              "pass": true,
              "fail": false,
              "pending": false,
              "context": "{\n  \"title\": \"cypress-mochawesome-reporter-videos-passed\",\n  \"value\": \"cypress/e2e/accessibility/axe_eng.cy.js\"\n}",
              "code": "cy.visit(`http://localhost/${subpath}`, {\n  failOnStatusCode: false\n});\ncy.injectAxe();\n// Expand sitewide banner accordion\ncy.get('[class=\"usa-banner__button-text\"]').click();\ncy.configureAxe({\n  runOnly: {\n    values: ['wcag2aa']\n  }\n});\ncy.task('log', `Run axe core http://localhost/${subpath}`);\ncy.checkA11y(null, null, _log_func.default);",
              "err": {},
              "uuid": "59599a97-eaad-4ebf-b837-89b75a86f452",
              "parentUUID": "e44d86ff-9ce4-40ae-bc38-842b1bd3152f",
              "isHook": false,
              "skipped": false
            },
            {
              "title": "Run axe core http://localhost/replace-vital-documents",
              "fullTitle": "Validate 508 accessibility compliance on English site Run axe core http://localhost/replace-vital-documents",
              "timedOut": null,
              "duration": 2318,
              "state": "passed",
              "speed": "fast",
              "pass": true,
              "fail": false,
              "pending": false,
              "context": "{\n  \"title\": \"cypress-mochawesome-reporter-videos-passed\",\n  \"value\": \"cypress/e2e/accessibility/axe_eng.cy.js\"\n}",
              "code": "cy.visit(`http://localhost/${subpath}`, {\n  failOnStatusCode: false\n});\ncy.injectAxe();\n// Expand sitewide banner accordion\ncy.get('[class=\"usa-banner__button-text\"]').click();\ncy.configureAxe({\n  runOnly: {\n    values: ['wcag2aa']\n  }\n});\ncy.task('log', `Run axe core http://localhost/${subpath}`);\ncy.checkA11y(null, null, _log_func.default);",
              "err": {},
              "uuid": "c3a2230f-f4c8-458e-845f-0a7e0e275f7e",
              "parentUUID": "e44d86ff-9ce4-40ae-bc38-842b1bd3152f",
              "isHook": false,
              "skipped": false
            },
            {
              "title": "Run axe core http://localhost/employer-fmla",
              "fullTitle": "Validate 508 accessibility compliance on English site Run axe core http://localhost/employer-fmla",
              "timedOut": null,
              "duration": 2576,
              "state": "passed",
              "speed": "fast",
              "pass": true,
              "fail": false,
              "pending": false,
              "context": "{\n  \"title\": \"cypress-mochawesome-reporter-videos-passed\",\n  \"value\": \"cypress/e2e/accessibility/axe_eng.cy.js\"\n}",
              "code": "cy.visit(`http://localhost/${subpath}`, {\n  failOnStatusCode: false\n});\ncy.injectAxe();\n// Expand sitewide banner accordion\ncy.get('[class=\"usa-banner__button-text\"]').click();\ncy.configureAxe({\n  runOnly: {\n    values: ['wcag2aa']\n  }\n});\ncy.task('log', `Run axe core http://localhost/${subpath}`);\ncy.checkA11y(null, null, _log_func.default);",
              "err": {},
              "uuid": "dd20b378-a88b-4906-87fb-fd6cc7009040",
              "parentUUID": "e44d86ff-9ce4-40ae-bc38-842b1bd3152f",
              "isHook": false,
              "skipped": false
            },
            {
              "title": "Run axe core http://localhost/food-stamps",
              "fullTitle": "Validate 508 accessibility compliance on English site Run axe core http://localhost/food-stamps",
              "timedOut": null,
              "duration": 2320,
              "state": "passed",
              "speed": "fast",
              "pass": true,
              "fail": false,
              "pending": false,
              "context": "{\n  \"title\": \"cypress-mochawesome-reporter-videos-passed\",\n  \"value\": \"cypress/e2e/accessibility/axe_eng.cy.js\"\n}",
              "code": "cy.visit(`http://localhost/${subpath}`, {\n  failOnStatusCode: false\n});\ncy.injectAxe();\n// Expand sitewide banner accordion\ncy.get('[class=\"usa-banner__button-text\"]').click();\ncy.configureAxe({\n  runOnly: {\n    values: ['wcag2aa']\n  }\n});\ncy.task('log', `Run axe core http://localhost/${subpath}`);\ncy.checkA11y(null, null, _log_func.default);",
              "err": {},
              "uuid": "634b5b04-33bb-4cf1-9d85-ae1f2a75fc0d",
              "parentUUID": "e44d86ff-9ce4-40ae-bc38-842b1bd3152f",
              "isHook": false,
              "skipped": false
            },
            {
              "title": "Run axe core http://localhost/features",
              "fullTitle": "Validate 508 accessibility compliance on English site Run axe core http://localhost/features",
              "timedOut": null,
              "duration": 2172,
              "state": "passed",
              "speed": "fast",
              "pass": true,
              "fail": false,
              "pending": false,
              "context": "{\n  \"title\": \"cypress-mochawesome-reporter-videos-passed\",\n  \"value\": \"cypress/e2e/accessibility/axe_eng.cy.js\"\n}",
              "code": "cy.visit(`http://localhost/${subpath}`, {\n  failOnStatusCode: false\n});\ncy.injectAxe();\n// Expand sitewide banner accordion\ncy.get('[class=\"usa-banner__button-text\"]').click();\ncy.configureAxe({\n  runOnly: {\n    values: ['wcag2aa']\n  }\n});\ncy.task('log', `Run axe core http://localhost/${subpath}`);\ncy.checkA11y(null, null, _log_func.default);",
              "err": {},
              "uuid": "285d7697-259e-496b-b2f7-6067b8e584c6",
              "parentUUID": "e44d86ff-9ce4-40ae-bc38-842b1bd3152f",
              "isHook": false,
              "skipped": false
            },
            {
              "title": "Run axe core http://localhost/features/five-tips-for-reporting-a-scam",
              "fullTitle": "Validate 508 accessibility compliance on English site Run axe core http://localhost/features/five-tips-for-reporting-a-scam",
              "timedOut": null,
              "duration": 2140,
              "state": "passed",
              "speed": "fast",
              "pass": true,
              "fail": false,
              "pending": false,
              "context": "{\n  \"title\": \"cypress-mochawesome-reporter-videos-passed\",\n  \"value\": \"cypress/e2e/accessibility/axe_eng.cy.js\"\n}",
              "code": "cy.visit(`http://localhost/${subpath}`, {\n  failOnStatusCode: false\n});\ncy.injectAxe();\n// Expand sitewide banner accordion\ncy.get('[class=\"usa-banner__button-text\"]').click();\ncy.configureAxe({\n  runOnly: {\n    values: ['wcag2aa']\n  }\n});\ncy.task('log', `Run axe core http://localhost/${subpath}`);\ncy.checkA11y(null, null, _log_func.default);",
              "err": {},
              "uuid": "24550c27-c168-4f5b-ae6d-bc18c8ebf9d5",
              "parentUUID": "e44d86ff-9ce4-40ae-bc38-842b1bd3152f",
              "isHook": false,
              "skipped": false
            },
            {
              "title": "Run axe core http://localhost/elected-officials",
              "fullTitle": "Validate 508 accessibility compliance on English site Run axe core http://localhost/elected-officials",
              "timedOut": null,
              "duration": 2621,
              "state": "passed",
              "speed": "fast",
              "pass": true,
              "fail": false,
              "pending": false,
              "context": "{\n  \"title\": \"cypress-mochawesome-reporter-videos-passed\",\n  \"value\": \"cypress/e2e/accessibility/axe_eng.cy.js\"\n}",
              "code": "cy.visit(`http://localhost/${subpath}`, {\n  failOnStatusCode: false\n});\ncy.injectAxe();\n// Expand sitewide banner accordion\ncy.get('[class=\"usa-banner__button-text\"]').click();\ncy.configureAxe({\n  runOnly: {\n    values: ['wcag2aa']\n  }\n});\ncy.task('log', `Run axe core http://localhost/${subpath}`);\ncy.checkA11y(null, null, _log_func.default);",
              "err": {},
              "uuid": "1a8b8b17-c66a-458e-834e-197fd6f3c743",
              "parentUUID": "e44d86ff-9ce4-40ae-bc38-842b1bd3152f",
              "isHook": false,
              "skipped": false
            },
            {
              "title": "Run axe core http://localhost/where-report-scams#block-wizardenglish",
              "fullTitle": "Validate 508 accessibility compliance on English site Run axe core http://localhost/where-report-scams#block-wizardenglish",
              "timedOut": null,
              "duration": 2066,
              "state": "passed",
              "speed": "fast",
              "pass": true,
              "fail": false,
              "pending": false,
              "context": "{\n  \"title\": \"cypress-mochawesome-reporter-videos-passed\",\n  \"value\": \"cypress/e2e/accessibility/axe_eng.cy.js\"\n}",
              "code": "cy.visit(`http://localhost/${subpath}`, {\n  failOnStatusCode: false\n});\ncy.injectAxe();\n// Expand sitewide banner accordion\ncy.get('[class=\"usa-banner__button-text\"]').click();\ncy.configureAxe({\n  runOnly: {\n    values: ['wcag2aa']\n  }\n});\ncy.task('log', `Run axe core http://localhost/${subpath}`);\ncy.checkA11y(null, null, _log_func.default);",
              "err": {},
              "uuid": "2044d515-72f8-48f8-b221-f9776566bb92",
              "parentUUID": "e44d86ff-9ce4-40ae-bc38-842b1bd3152f",
              "isHook": false,
              "skipped": false
            },
            {
              "title": "Run axe core http://localhost/agency-index",
              "fullTitle": "Validate 508 accessibility compliance on English site Run axe core http://localhost/agency-index",
              "timedOut": null,
              "duration": 3016,
              "state": "passed",
              "speed": "fast",
              "pass": true,
              "fail": false,
              "pending": false,
              "context": "{\n  \"title\": \"cypress-mochawesome-reporter-videos-passed\",\n  \"value\": \"cypress/e2e/accessibility/axe_eng.cy.js\"\n}",
              "code": "cy.visit(`http://localhost/${subpath}`, {\n  failOnStatusCode: false\n});\ncy.injectAxe();\n// Expand sitewide banner accordion\ncy.get('[class=\"usa-banner__button-text\"]').click();\ncy.configureAxe({\n  runOnly: {\n    values: ['wcag2aa']\n  }\n});\ncy.task('log', `Run axe core http://localhost/${subpath}`);\ncy.checkA11y(null, null, _log_func.default);",
              "err": {},
              "uuid": "eb845e12-f5c0-4a51-8afa-132fd28215f2",
              "parentUUID": "e44d86ff-9ce4-40ae-bc38-842b1bd3152f",
              "isHook": false,
              "skipped": false
            },
            {
              "title": "Run axe core http://localhost/agencies/u-s-access-board",
              "fullTitle": "Validate 508 accessibility compliance on English site Run axe core http://localhost/agencies/u-s-access-board",
              "timedOut": null,
              "duration": 2237,
              "state": "passed",
              "speed": "fast",
              "pass": true,
              "fail": false,
              "pending": false,
              "context": "{\n  \"title\": \"cypress-mochawesome-reporter-videos-passed\",\n  \"value\": \"cypress/e2e/accessibility/axe_eng.cy.js\"\n}",
              "code": "cy.visit(`http://localhost/${subpath}`, {\n  failOnStatusCode: false\n});\ncy.injectAxe();\n// Expand sitewide banner accordion\ncy.get('[class=\"usa-banner__button-text\"]').click();\ncy.configureAxe({\n  runOnly: {\n    values: ['wcag2aa']\n  }\n});\ncy.task('log', `Run axe core http://localhost/${subpath}`);\ncy.checkA11y(null, null, _log_func.default);",
              "err": {},
              "uuid": "2f420da0-eecc-4571-99cf-5e4af518d5e9",
              "parentUUID": "e44d86ff-9ce4-40ae-bc38-842b1bd3152f",
              "isHook": false,
              "skipped": false
            },
            {
              "title": "Run axe core http://localhost/state-governments",
              "fullTitle": "Validate 508 accessibility compliance on English site Run axe core http://localhost/state-governments",
              "timedOut": null,
              "duration": 2810,
              "state": "failed",
              "speed": null,
              "pass": false,
              "fail": true,
              "pending": false,
              "context": "[\n  {\n    \"title\": \"cypress-mochawesome-reporter-videos-failed\",\n    \"value\": \"cypress/e2e/accessibility/axe_eng.cy.js\"\n  },\n  {\n    \"title\": \"cypress-mochawesome-reporter-screenshots\",\n    \"value\": [\n      [\n        \"/accessibility/axe_eng.cy.js/Validate 508 accessibility compliance on English site -- Run axe core httplocalhoststate-governments (failed).png\"\n      ],\n      [\n        \"/accessibility/axe_eng.cy.js/Validate 508 accessibility compliance on English site -- Run axe core httplocalhoststate-governments (failed) (attempt 2).png\"\n      ],\n      [\n        \"/accessibility/axe_eng.cy.js/Validate 508 accessibility compliance on English site -- Run axe core httplocalhoststate-governments (failed) (attempt 3).png\"\n      ]\n    ]\n  }\n]",
              "code": "cy.visit(`http://localhost/${subpath}`, {\n  failOnStatusCode: false\n});\ncy.injectAxe();\n// Expand sitewide banner accordion\ncy.get('[class=\"usa-banner__button-text\"]').click();\ncy.configureAxe({\n  runOnly: {\n    values: ['wcag2aa']\n  }\n});\ncy.task('log', `Run axe core http://localhost/${subpath}`);\ncy.checkA11y(null, null, _log_func.default);",
              "err": {
                "message": "AssertionError: 1 accessibility violation was detected: expected 1 to equal 0",
                "estack": "AssertionError: 1 accessibility violation was detected: expected 1 to equal 0\n    at Context.eval (webpack:///./node_modules/cypress-axe/dist/index.js:100:0)",
                "diff": null
              },
              "uuid": "1f53a61a-ea7d-46f4-a46a-5e68c436b6f7",
              "parentUUID": "e44d86ff-9ce4-40ae-bc38-842b1bd3152f",
              "isHook": false,
              "skipped": false
            },
            {
              "title": "Run axe core http://localhost/states/texas",
              "fullTitle": "Validate 508 accessibility compliance on English site Run axe core http://localhost/states/texas",
              "timedOut": null,
              "duration": 3171,
              "state": "failed",
              "speed": null,
              "pass": false,
              "fail": true,
              "pending": false,
              "context": "[\n  {\n    \"title\": \"cypress-mochawesome-reporter-videos-failed\",\n    \"value\": \"cypress/e2e/accessibility/axe_eng.cy.js\"\n  },\n  {\n    \"title\": \"cypress-mochawesome-reporter-screenshots\",\n    \"value\": [\n      [\n        \"/accessibility/axe_eng.cy.js/Validate 508 accessibility compliance on English site -- Run axe core httplocalhoststatestexas (failed).png\"\n      ],\n      [\n        \"/accessibility/axe_eng.cy.js/Validate 508 accessibility compliance on English site -- Run axe core httplocalhoststatestexas (failed) (attempt 2).png\"\n      ],\n      [\n        \"/accessibility/axe_eng.cy.js/Validate 508 accessibility compliance on English site -- Run axe core httplocalhoststatestexas (failed) (attempt 3).png\"\n      ]\n    ]\n  }\n]",
              "code": "cy.visit(`http://localhost/${subpath}`, {\n  failOnStatusCode: false\n});\ncy.injectAxe();\n// Expand sitewide banner accordion\ncy.get('[class=\"usa-banner__button-text\"]').click();\ncy.configureAxe({\n  runOnly: {\n    values: ['wcag2aa']\n  }\n});\ncy.task('log', `Run axe core http://localhost/${subpath}`);\ncy.checkA11y(null, null, _log_func.default);",
              "err": {
                "message": "AssertionError: 2 accessibility violations were detected: expected 2 to equal 0",
                "estack": "AssertionError: 2 accessibility violations were detected: expected 2 to equal 0\n    at Context.eval (webpack:///./node_modules/cypress-axe/dist/index.js:100:0)",
                "diff": null
              },
              "uuid": "d7050e61-3df1-4718-bb3e-ae3b6e9ed4c0",
              "parentUUID": "e44d86ff-9ce4-40ae-bc38-842b1bd3152f",
              "isHook": false,
              "skipped": false
            },
            {
              "title": "Run axe core http://localhost/state-election-office",
              "fullTitle": "Validate 508 accessibility compliance on English site Run axe core http://localhost/state-election-office",
              "timedOut": null,
              "duration": 3623,
              "state": "failed",
              "speed": null,
              "pass": false,
              "fail": true,
              "pending": false,
              "context": "[\n  {\n    \"title\": \"cypress-mochawesome-reporter-videos-failed\",\n    \"value\": \"cypress/e2e/accessibility/axe_eng.cy.js\"\n  },\n  {\n    \"title\": \"cypress-mochawesome-reporter-screenshots\",\n    \"value\": [\n      [\n        \"/accessibility/axe_eng.cy.js/Validate 508 accessibility compliance on English site -- Run axe core httplocalhoststate-election-office (failed).png\"\n      ],\n      [\n        \"/accessibility/axe_eng.cy.js/Validate 508 accessibility compliance on English site -- Run axe core httplocalhoststate-election-office (failed) (attempt 2).png\"\n      ],\n      [\n        \"/accessibility/axe_eng.cy.js/Validate 508 accessibility compliance on English site -- Run axe core httplocalhoststate-election-office (failed) (attempt 3).png\"\n      ]\n    ]\n  }\n]",
              "code": "cy.visit(`http://localhost/${subpath}`, {\n  failOnStatusCode: false\n});\ncy.injectAxe();\n// Expand sitewide banner accordion\ncy.get('[class=\"usa-banner__button-text\"]').click();\ncy.configureAxe({\n  runOnly: {\n    values: ['wcag2aa']\n  }\n});\ncy.task('log', `Run axe core http://localhost/${subpath}`);\ncy.checkA11y(null, null, _log_func.default);",
              "err": {
                "message": "AssertionError: 1 accessibility violation was detected: expected 1 to equal 0",
                "estack": "AssertionError: 1 accessibility violation was detected: expected 1 to equal 0\n    at Context.eval (webpack:///./node_modules/cypress-axe/dist/index.js:100:0)",
                "diff": null
              },
              "uuid": "0c281c66-3d54-4cd1-bd0c-f6fdf8bff77f",
              "parentUUID": "e44d86ff-9ce4-40ae-bc38-842b1bd3152f",
              "isHook": false,
              "skipped": false
            },
            {
              "title": "Run axe core http://localhost/life-events",
              "fullTitle": "Validate 508 accessibility compliance on English site Run axe core http://localhost/life-events",
              "timedOut": null,
              "duration": 3251,
              "state": "failed",
              "speed": null,
              "pass": false,
              "fail": true,
              "pending": false,
              "context": "[\n  {\n    \"title\": \"cypress-mochawesome-reporter-videos-failed\",\n    \"value\": \"cypress/e2e/accessibility/axe_eng.cy.js\"\n  },\n  {\n    \"title\": \"cypress-mochawesome-reporter-screenshots\",\n    \"value\": [\n      [\n        \"/accessibility/axe_eng.cy.js/Validate 508 accessibility compliance on English site -- Run axe core httplocalhostlife-events (failed).png\"\n      ],\n      [\n        \"/accessibility/axe_eng.cy.js/Validate 508 accessibility compliance on English site -- Run axe core httplocalhostlife-events (failed) (attempt 2).png\"\n      ],\n      [\n        \"/accessibility/axe_eng.cy.js/Validate 508 accessibility compliance on English site -- Run axe core httplocalhostlife-events (failed) (attempt 3).png\"\n      ]\n    ]\n  }\n]",
              "code": "cy.visit(`http://localhost/${subpath}`, {\n  failOnStatusCode: false\n});\ncy.injectAxe();\n// Expand sitewide banner accordion\ncy.get('[class=\"usa-banner__button-text\"]').click();\ncy.configureAxe({\n  runOnly: {\n    values: ['wcag2aa']\n  }\n});\ncy.task('log', `Run axe core http://localhost/${subpath}`);\ncy.checkA11y(null, null, _log_func.default);",
              "err": {
                "message": "AssertionError: 1 accessibility violation was detected: expected 1 to equal 0",
                "estack": "AssertionError: 1 accessibility violation was detected: expected 1 to equal 0\n    at Context.eval (webpack:///./node_modules/cypress-axe/dist/index.js:100:0)",
                "diff": null
              },
              "uuid": "9aee5062-a09e-46bb-96eb-89f25bfa6f1e",
              "parentUUID": "e44d86ff-9ce4-40ae-bc38-842b1bd3152f",
              "isHook": false,
              "skipped": false
            },
            {
              "title": "Run axe core http://localhost/financial-hardship",
              "fullTitle": "Validate 508 accessibility compliance on English site Run axe core http://localhost/financial-hardship",
              "timedOut": null,
              "duration": 2396,
              "state": "passed",
              "speed": "fast",
              "pass": true,
              "fail": false,
              "pending": false,
              "context": "{\n  \"title\": \"cypress-mochawesome-reporter-videos-passed\",\n  \"value\": \"cypress/e2e/accessibility/axe_eng.cy.js\"\n}",
              "code": "cy.visit(`http://localhost/${subpath}`, {\n  failOnStatusCode: false\n});\ncy.injectAxe();\n// Expand sitewide banner accordion\ncy.get('[class=\"usa-banner__button-text\"]').click();\ncy.configureAxe({\n  runOnly: {\n    values: ['wcag2aa']\n  }\n});\ncy.task('log', `Run axe core http://localhost/${subpath}`);\ncy.checkA11y(null, null, _log_func.default);",
              "err": {},
              "uuid": "6693f87d-f4bf-406f-8e0b-22b9bda85f5f",
              "parentUUID": "e44d86ff-9ce4-40ae-bc38-842b1bd3152f",
              "isHook": false,
              "skipped": false
            },
            {
              "title": "Run axe core http://localhost/error-test-nonexistent-path",
              "fullTitle": "Validate 508 accessibility compliance on English site Run axe core http://localhost/error-test-nonexistent-path",
              "timedOut": null,
              "duration": 3633,
              "state": "failed",
              "speed": null,
              "pass": false,
              "fail": true,
              "pending": false,
              "context": "[\n  {\n    \"title\": \"cypress-mochawesome-reporter-videos-failed\",\n    \"value\": \"cypress/e2e/accessibility/axe_eng.cy.js\"\n  },\n  {\n    \"title\": \"cypress-mochawesome-reporter-screenshots\",\n    \"value\": [\n      [\n        \"/accessibility/axe_eng.cy.js/Validate 508 accessibility compliance on English site -- Run axe core httplocalhosterror-test-nonexistent-path (failed).png\"\n      ],\n      [\n        \"/accessibility/axe_eng.cy.js/Validate 508 accessibility compliance on English site -- Run axe core httplocalhosterror-test-nonexistent-path (failed) (attempt 2).png\"\n      ],\n      [\n        \"/accessibility/axe_eng.cy.js/Validate 508 accessibility compliance on English site -- Run axe core httplocalhosterror-test-nonexistent-path (failed) (attempt 3).png\"\n      ]\n    ]\n  }\n]",
              "code": "cy.visit(`http://localhost/${subpath}`, {\n  failOnStatusCode: false\n});\ncy.injectAxe();\n// Expand sitewide banner accordion\ncy.get('[class=\"usa-banner__button-text\"]').click();\ncy.configureAxe({\n  runOnly: {\n    values: ['wcag2aa']\n  }\n});\ncy.task('log', `Run axe core http://localhost/${subpath}`);\ncy.checkA11y(null, null, _log_func.default);",
              "err": {
                "message": "AssertionError: 3 accessibility violations were detected: expected 3 to equal 0",
                "estack": "AssertionError: 3 accessibility violations were detected: expected 3 to equal 0\n    at Context.eval (webpack:///./node_modules/cypress-axe/dist/index.js:100:0)",
                "diff": null
              },
              "uuid": "c7f68fd6-dc66-4ff1-96aa-211297bf6a68",
              "parentUUID": "e44d86ff-9ce4-40ae-bc38-842b1bd3152f",
              "isHook": false,
              "skipped": false
            }
          ],
          "suites": [],
          "passes": [
            "58bd826e-b80c-46b8-a7c0-84489b651e85",
            "b7896dc8-c666-4b1e-9209-6b1b4df6ec04",
            "666d2d8e-e917-4af1-8a3e-e571f126519e",
            "eaca62c8-9539-40c3-81c7-358baf0bbdc9",
            "3b197fc3-a7ad-45f5-b516-e21605d02077",
            "6363df44-edf7-4054-938a-f1a20f50fbcf",
            "59599a97-eaad-4ebf-b837-89b75a86f452",
            "c3a2230f-f4c8-458e-845f-0a7e0e275f7e",
            "dd20b378-a88b-4906-87fb-fd6cc7009040",
            "634b5b04-33bb-4cf1-9d85-ae1f2a75fc0d",
            "285d7697-259e-496b-b2f7-6067b8e584c6",
            "24550c27-c168-4f5b-ae6d-bc18c8ebf9d5",
            "1a8b8b17-c66a-458e-834e-197fd6f3c743",
            "2044d515-72f8-48f8-b221-f9776566bb92",
            "eb845e12-f5c0-4a51-8afa-132fd28215f2",
            "2f420da0-eecc-4571-99cf-5e4af518d5e9",
            "6693f87d-f4bf-406f-8e0b-22b9bda85f5f"
          ],
          "failures": [
            "4c71e0c7-4336-4dba-897a-46177000311d",
            "1f53a61a-ea7d-46f4-a46a-5e68c436b6f7",
            "d7050e61-3df1-4718-bb3e-ae3b6e9ed4c0",
            "0c281c66-3d54-4cd1-bd0c-f6fdf8bff77f",
            "9aee5062-a09e-46bb-96eb-89f25bfa6f1e",
            "c7f68fd6-dc66-4ff1-96aa-211297bf6a68"
          ],
          "pending": [],
          "skipped": [],
          "duration": 62016,
          "root": false,
          "rootEmpty": false,
          "_timeout": 2000
        }
      ],
      "passes": [],
      "failures": [],
      "pending": [],
      "skipped": [],
      "duration": 0,
      "root": true,
      "rootEmpty": true,
      "_timeout": 2000
    }
  ],
  "meta": {
    "mocha": {
      "version": "7.0.1"
    },
    "mochawesome": {
      "options": {
        "quiet": false,
        "reportFilename": "mochawesome",
        "saveHtml": true,
        "saveJson": true,
        "consoleReporter": "spec",
        "useInlineDiffs": false,
        "code": true
      },
      "version": "7.1.3"
    },
    "marge": {
      "options": null,
      "version": "6.2.0"
    }
  }
}